<?xml version="1.0" encoding="UTF-8"?>
<testsuite name="com.tshepo.SPRING.BOOT.Application.ApplicationTests" tests="1" skipped="0" failures="0" errors="0" timestamp="2020-08-04T18:02:16" hostname="admin1-ThinkCentre-M72e" time="0.5">
  <properties/>
  <testcase name="setTestRestTemplate()" classname="com.tshepo.SPRING.BOOT.Application.ApplicationTests" time="0.5"/>
  <system-out><![CDATA[20:02:11.645 [Test worker] DEBUG org.springframework.test.context.BootstrapUtils - Instantiating CacheAwareContextLoaderDelegate from class [org.springframework.test.context.cache.DefaultCacheAwareContextLoaderDelegate]
20:02:11.677 [Test worker] DEBUG org.springframework.test.context.BootstrapUtils - Instantiating BootstrapContext using constructor [public org.springframework.test.context.support.DefaultBootstrapContext(java.lang.Class,org.springframework.test.context.CacheAwareContextLoaderDelegate)]
20:02:11.768 [Test worker] DEBUG org.springframework.test.context.BootstrapUtils - Instantiating TestContextBootstrapper for test class [com.tshepo.SPRING.BOOT.Application.ApplicationTests] from class [org.springframework.boot.test.context.SpringBootTestContextBootstrapper]
20:02:11.819 [Test worker] DEBUG org.springframework.test.context.support.AbstractContextLoader - Did not detect default resource location for test class [com.tshepo.SPRING.BOOT.Application.ApplicationTests]: class path resource [com/tshepo/SPRING/BOOT/Application/ApplicationTests-context.xml] does not exist
20:02:11.822 [Test worker] DEBUG org.springframework.test.context.support.AbstractContextLoader - Did not detect default resource location for test class [com.tshepo.SPRING.BOOT.Application.ApplicationTests]: class path resource [com/tshepo/SPRING/BOOT/Application/ApplicationTestsContext.groovy] does not exist
20:02:11.823 [Test worker] INFO org.springframework.test.context.support.AbstractContextLoader - Could not detect default resource locations for test class [com.tshepo.SPRING.BOOT.Application.ApplicationTests]: no resource found for suffixes {-context.xml, Context.groovy}.
20:02:11.884 [Test worker] DEBUG org.springframework.test.context.support.ActiveProfilesUtils - Could not find an 'annotation declaring class' for annotation type [org.springframework.test.context.ActiveProfiles] and class [com.tshepo.SPRING.BOOT.Application.ApplicationTests]
20:02:12.060 [Test worker] DEBUG org.springframework.boot.test.context.SpringBootTestContextBootstrapper - @TestExecutionListeners is not present for class [com.tshepo.SPRING.BOOT.Application.ApplicationTests]: using defaults.
20:02:12.061 [Test worker] INFO org.springframework.boot.test.context.SpringBootTestContextBootstrapper - Loaded default TestExecutionListener class names from location [META-INF/spring.factories]: [org.springframework.security.test.context.support.WithSecurityContextTestExecutionListener, org.springframework.security.test.context.support.ReactorContextTestExecutionListener, org.springframework.boot.test.autoconfigure.restdocs.RestDocsTestExecutionListener, org.springframework.boot.test.autoconfigure.web.client.MockRestServiceServerResetTestExecutionListener, org.springframework.boot.test.autoconfigure.web.servlet.MockMvcPrintOnlyOnFailureTestExecutionListener, org.springframework.boot.test.autoconfigure.web.servlet.WebDriverTestExecutionListener, org.springframework.boot.test.mock.mockito.MockitoTestExecutionListener, org.springframework.boot.test.mock.mockito.ResetMocksTestExecutionListener, org.springframework.test.context.web.ServletTestExecutionListener, org.springframework.test.context.support.DirtiesContextBeforeModesTestExecutionListener, org.springframework.test.context.support.DependencyInjectionTestExecutionListener, org.springframework.test.context.support.DirtiesContextTestExecutionListener, org.springframework.test.context.transaction.TransactionalTestExecutionListener, org.springframework.test.context.jdbc.SqlScriptsTestExecutionListener, org.springframework.test.context.event.EventPublishingTestExecutionListener]
20:02:12.077 [Test worker] DEBUG org.springframework.boot.test.context.SpringBootTestContextBootstrapper - Skipping candidate TestExecutionListener [org.springframework.test.context.transaction.TransactionalTestExecutionListener] due to a missing dependency. Specify custom listener classes or make the default listener classes and their required dependencies available. Offending class: [org/springframework/transaction/interceptor/TransactionAttributeSource]
20:02:12.078 [Test worker] DEBUG org.springframework.boot.test.context.SpringBootTestContextBootstrapper - Skipping candidate TestExecutionListener [org.springframework.test.context.jdbc.SqlScriptsTestExecutionListener] due to a missing dependency. Specify custom listener classes or make the default listener classes and their required dependencies available. Offending class: [org/springframework/transaction/interceptor/TransactionAttribute]
20:02:12.079 [Test worker] INFO org.springframework.boot.test.context.SpringBootTestContextBootstrapper - Using TestExecutionListeners: [org.springframework.test.context.web.ServletTestExecutionListener@20fb08ab, org.springframework.test.context.support.DirtiesContextBeforeModesTestExecutionListener@5d03f7ba, org.springframework.boot.test.mock.mockito.MockitoTestExecutionListener@55b6a3ae, org.springframework.boot.test.autoconfigure.SpringBootDependencyInjectionTestExecutionListener@3439c222, org.springframework.test.context.support.DirtiesContextTestExecutionListener@4c7f2a5e, org.springframework.security.test.context.support.WithSecurityContextTestExecutionListener@e03aa4c, org.springframework.test.context.event.EventPublishingTestExecutionListener@6ec8d3f1, org.springframework.security.test.context.support.ReactorContextTestExecutionListener@141a24d8, org.springframework.boot.test.autoconfigure.restdocs.RestDocsTestExecutionListener@2102c1df, org.springframework.boot.test.autoconfigure.web.client.MockRestServiceServerResetTestExecutionListener@32404e79, org.springframework.boot.test.autoconfigure.web.servlet.MockMvcPrintOnlyOnFailureTestExecutionListener@1a3f549b, org.springframework.boot.test.autoconfigure.web.servlet.WebDriverTestExecutionListener@5f469fe0, org.springframework.boot.test.mock.mockito.ResetMocksTestExecutionListener@68fdb1ee]
20:02:12.085 [Test worker] DEBUG org.springframework.test.context.support.AbstractDirtiesContextTestExecutionListener - Before test class: context [DefaultTestContext@7039275d testClass = ApplicationTests, testInstance = [null], testMethod = [null], testException = [null], mergedContextConfiguration = [WebMergedContextConfiguration@62eea04f testClass = ApplicationTests, locations = '{}', classes = '{class com.tshepo.SPRING.BOOT.Apllication.Application}', contextInitializerClasses = '[]', activeProfiles = '{}', propertySourceLocations = '{}', propertySourceProperties = '{org.springframework.boot.test.context.SpringBootTestContextBootstrapper=true}', contextCustomizers = set[org.springframework.boot.test.autoconfigure.properties.PropertyMappingContextCustomizer@0, org.springframework.boot.test.autoconfigure.web.servlet.WebDriverContextCustomizerFactory$Customizer@21a59bba, org.springframework.boot.test.context.filter.ExcludeFilterContextCustomizer@426b67e4, org.springframework.boot.test.json.DuplicateJsonObjectContextCustomizerFactory$DuplicateJsonObjectContextCustomizer@5c4b6f8d, org.springframework.boot.test.mock.mockito.MockitoContextCustomizer@0, org.springframework.boot.test.web.client.TestRestTemplateContextCustomizer@66f9ab84, org.springframework.test.context.web.socket.MockServerContainerContextCustomizer@4b571d0f], resourceBasePath = 'src/main/webapp', contextLoader = 'org.springframework.boot.test.context.SpringBootContextLoader', parent = [null]], attributes = map['org.springframework.test.context.web.ServletTestExecutionListener.activateListener' -> true]], class annotated with @DirtiesContext [false] with mode [null].
20:02:12.145 [Test worker] DEBUG org.springframework.test.context.support.TestPropertySourceUtils - Adding inlined properties to environment: {spring.jmx.enabled=false, org.springframework.boot.test.context.SpringBootTestContextBootstrapper=true, server.port=-1}

  .   ____          _            __ _ _
 /\\ / ___'_ __ _ _(_)_ __  __ _ \ \ \ \
( ( )\___ | '_ | '_| | '_ \/ _` | \ \ \ \
 \\/  ___)| |_)| | | | | || (_| |  ) ) ) )
  '  |____| .__|_| |_|_| |_\__, | / / / /
 =========|_|==============|___/=/_/_/_/
 :: Spring Boot ::        (v2.2.0.RELEASE)

2020-08-04 20:02:12.686  INFO 8773 --- [    Test worker] c.t.S.BOOT.Application.ApplicationTests  : Starting ApplicationTests on admin1-ThinkCentre-M72e with PID 8773 (started by recruit in /home/recruit/Desktop/GitRepos/SpringBootApplication-Part2)
2020-08-04 20:02:12.690  INFO 8773 --- [    Test worker] c.t.S.BOOT.Application.ApplicationTests  : No active profile set, falling back to default profiles: default
2020-08-04 20:02:15.238  INFO 8773 --- [    Test worker] o.s.s.web.DefaultSecurityFilterChain     : Creating filter chain: any request, [org.springframework.security.web.context.request.async.WebAsyncManagerIntegrationFilter@4fee5608, org.springframework.security.web.context.SecurityContextPersistenceFilter@52d96e9d, org.springframework.security.web.header.HeaderWriterFilter@e2546f6, org.springframework.security.web.csrf.CsrfFilter@265ed14b, org.springframework.security.web.authentication.logout.LogoutFilter@13520a15, org.springframework.security.web.authentication.UsernamePasswordAuthenticationFilter@2167622b, org.springframework.security.web.authentication.ui.DefaultLoginPageGeneratingFilter@59a6c41e, org.springframework.security.web.authentication.ui.DefaultLogoutPageGeneratingFilter@4466394, org.springframework.security.web.savedrequest.RequestCacheAwareFilter@61abd837, org.springframework.security.web.servletapi.SecurityContextHolderAwareRequestFilter@570e52c, org.springframework.security.web.authentication.AnonymousAuthenticationFilter@1d55f2dc, org.springframework.security.web.session.SessionManagementFilter@11cb518f, org.springframework.security.web.access.ExceptionTranslationFilter@3f6bc5d4, org.springframework.security.web.access.intercept.FilterSecurityInterceptor@801e7ac]
2020-08-04 20:02:15.871  INFO 8773 --- [    Test worker] o.s.s.concurrent.ThreadPoolTaskExecutor  : Initializing ExecutorService 'applicationTaskExecutor'
2020-08-04 20:02:16.372  INFO 8773 --- [    Test worker] c.t.S.BOOT.Application.ApplicationTests  : Started ApplicationTests in 4.215 seconds (JVM running for 6.244)
]]></system-out>
  <system-err><![CDATA[]]></system-err>
</testsuite>
