<?xml version="1.0" encoding="UTF-8"?>
<testsuite name="com.tshepo.SPRING.BOOT.Application.ApplicationTests" tests="1" skipped="0" failures="0" errors="0" timestamp="2020-07-02T08:12:55" hostname="admin1-ThinkCentre-M72e" time="0.183">
  <properties/>
  <testcase name="testSecurityConfig()" classname="com.tshepo.SPRING.BOOT.Application.ApplicationTests" time="0.183"/>
  <system-out><![CDATA[]]></system-out>
  <system-err><![CDATA[]]></system-err>
</testsuite>
